\BOOKMARK [0][-]{chapter*.1}{\376\377\000A\000b\000s\000t\000r\000a\000c\000t}{}% 1
\BOOKMARK [0][-]{chapter.1}{\376\377\000I\000n\000t\000r\000o\000d\000u\000c\000t\000i\000o\000n}{}% 2
\BOOKMARK [1][-]{section.1.1}{\376\377\000P\000r\000o\000j\000e\000c\000t\000\040\000g\000o\000a\000l\000s}{chapter.1}% 3
\BOOKMARK [1][-]{section.1.2}{\376\377\000G\000e\000n\000e\000r\000a\000l\000i\000z\000a\000t\000i\000o\000n\000\040\000b\000e\000y\000o\000n\000d\000\040\000r\000e\000s\000t\000a\000u\000r\000a\000n\000t\000s}{chapter.1}% 4
\BOOKMARK [0][-]{chapter.2}{\376\377\000B\000a\000c\000k\000g\000r\000o\000u\000n\000d\000\040\000a\000n\000d\000\040\000M\000o\000t\000i\000v\000a\000t\000i\000o\000n}{}% 5
\BOOKMARK [0][-]{chapter.3}{\376\377\000S\000t\000a\000t\000e\000\040\000o\000f\000\040\000t\000h\000e\000\040\000A\000r\000t\000\040\000i\000n\000\040\000C\000u\000s\000t\000o\000m\000e\000r\000\040\000F\000e\000e\000d\000b\000a\000c\000k\000\040\000A\000n\000a\000l\000y\000t\000i\000c\000s}{}% 6
\BOOKMARK [0][-]{chapter.4}{\376\377\000P\000r\000o\000b\000l\000e\000m\000\040\000D\000e\000f\000i\000n\000i\000t\000i\000o\000n\000\040\000a\000n\000d\000\040\000U\000s\000e\000\040\000C\000a\000s\000e}{}% 7
\BOOKMARK [1][-]{section.4.1}{\376\377\000P\000r\000o\000b\000l\000e\000m\000\040\000s\000t\000a\000t\000e\000m\000e\000n\000t}{chapter.4}% 8
\BOOKMARK [1][-]{section.4.2}{\376\377\000U\000s\000e\000\040\000c\000a\000s\000e}{chapter.4}% 9
\BOOKMARK [1][-]{section.4.3}{\376\377\000R\000A\000M\000I\000\040\0004\000.\0000\000\040\000p\000o\000s\000i\000t\000i\000o\000n\000i\000n\000g}{chapter.4}% 10
\BOOKMARK [0][-]{chapter.5}{\376\377\000S\000y\000s\000t\000e\000m\000\040\000A\000r\000c\000h\000i\000t\000e\000c\000t\000u\000r\000e\000\040\000a\000n\000d\000\040\000D\000e\000s\000i\000g\000n}{}% 11
\BOOKMARK [1][-]{section.5.1}{\376\377\000A\000r\000c\000h\000i\000t\000e\000c\000t\000u\000r\000a\000l\000\040\000o\000b\000j\000e\000c\000t\000i\000v\000e\000s}{chapter.5}% 12
\BOOKMARK [1][-]{section.5.2}{\376\377\000A\000r\000c\000h\000i\000t\000e\000c\000t\000u\000r\000e\000\040\000o\000v\000e\000r\000v\000i\000e\000w}{chapter.5}% 13
\BOOKMARK [1][-]{section.5.3}{\376\377\000R\000u\000n\000\040\000f\000o\000l\000d\000e\000r\000\040\000s\000t\000r\000a\000t\000e\000g\000y\000\040\000\050\000r\000e\000p\000e\000a\000t\000a\000b\000i\000l\000i\000t\000y\000\051}{chapter.5}% 14
\BOOKMARK [1][-]{section.5.4}{\376\377\000K\000e\000y\000\040\000m\000o\000d\000u\000l\000e\000s}{chapter.5}% 15
\BOOKMARK [0][-]{chapter.6}{\376\377\000A\000n\000a\000l\000y\000t\000i\000c\000s\000\040\000M\000e\000t\000h\000o\000d\000o\000l\000o\000g\000y\000\040\000a\000n\000d\000\040\000K\000n\000o\000w\000l\000e\000d\000g\000e\000\040\000D\000i\000s\000c\000o\000v\000e\000r\000y\000\040\000P\000r\000o\000c\000e\000s\000s}{}% 16
\BOOKMARK [1][-]{section.6.1}{\376\377\000K\000D\000D\000\040\000m\000a\000p\000p\000i\000n\000g}{chapter.6}% 17
\BOOKMARK [1][-]{section.6.2}{\376\377\000S\000t\000r\000i\000c\000t\000\040\000p\000r\000o\000m\000p\000t\000i\000n\000g\000\040\000s\000t\000r\000a\000t\000e\000g\000y}{chapter.6}% 18
\BOOKMARK [0][-]{chapter.7}{\376\377\000I\000m\000p\000l\000e\000m\000e\000n\000t\000a\000t\000i\000o\000n\000\040\000a\000n\000d\000\040\000T\000e\000c\000h\000n\000o\000l\000o\000g\000i\000e\000s}{}% 19
\BOOKMARK [1][-]{section.7.1}{\376\377\000T\000e\000c\000h\000n\000o\000l\000o\000g\000y\000\040\000s\000t\000a\000c\000k}{chapter.7}% 20
\BOOKMARK [1][-]{section.7.2}{\376\377\000C\000o\000d\000e\000\040\000o\000r\000g\000a\000n\000i\000z\000a\000t\000i\000o\000n}{chapter.7}% 21
\BOOKMARK [1][-]{section.7.3}{\376\377\000P\000r\000a\000c\000t\000i\000c\000a\000l\000\040\000e\000n\000g\000i\000n\000e\000e\000r\000i\000n\000g\000\040\000c\000h\000a\000l\000l\000e\000n\000g\000e\000s\000\040\000a\000n\000d\000\040\000f\000i\000x\000e\000s}{chapter.7}% 22
\BOOKMARK [1][-]{section.7.4}{\376\377\000C\000o\000n\000f\000i\000g\000u\000r\000a\000t\000i\000o\000n\000\040\000v\000i\000a\000\040\000.\000e\000n\000v}{chapter.7}% 23
\BOOKMARK [0][-]{chapter.8}{\376\377\000E\000v\000a\000l\000u\000a\000t\000i\000o\000n\000\040\000a\000n\000d\000\040\000R\000e\000s\000u\000l\000t\000s}{}% 24
\BOOKMARK [1][-]{section.8.1}{\376\377\000E\000v\000a\000l\000u\000a\000t\000i\000o\000n\000\040\000a\000p\000p\000r\000o\000a\000c\000h}{chapter.8}% 25
\BOOKMARK [1][-]{section.8.2}{\376\377\000O\000b\000s\000e\000r\000v\000e\000d\000\040\000o\000u\000t\000p\000u\000t\000s}{chapter.8}% 26
\BOOKMARK [1][-]{section.8.3}{\376\377\000E\000x\000a\000m\000p\000l\000e\000\040\000i\000n\000s\000i\000g\000h\000t\000\040\000c\000a\000t\000e\000g\000o\000r\000i\000e\000s}{chapter.8}% 27
\BOOKMARK [0][-]{chapter.9}{\376\377\000D\000i\000s\000c\000u\000s\000s\000i\000o\000n}{}% 28
\BOOKMARK [1][-]{section.9.1}{\376\377\000W\000h\000a\000t\000\040\000w\000o\000r\000k\000e\000d\000\040\000w\000e\000l\000l}{chapter.9}% 29
\BOOKMARK [1][-]{section.9.2}{\376\377\000L\000i\000m\000i\000t\000a\000t\000i\000o\000n\000s}{chapter.9}% 30
\BOOKMARK [1][-]{section.9.3}{\376\377\000E\000x\000t\000e\000n\000s\000i\000o\000n\000\040\000o\000p\000p\000o\000r\000t\000u\000n\000i\000t\000i\000e\000s}{chapter.9}% 31
\BOOKMARK [0][-]{chapter.10}{\376\377\000C\000o\000n\000c\000l\000u\000s\000i\000o\000n\000\040\000a\000n\000d\000\040\000F\000u\000t\000u\000r\000e\000\040\000W\000o\000r\000k}{}% 32
\BOOKMARK [0][-]{appendix.A}{\376\377\000A\000p\000p\000e\000n\000d\000i\000x}{}% 33
\BOOKMARK [1][-]{section.A.1}{\376\377\000E\000n\000d\000-\000t\000o\000-\000e\000n\000d\000\040\000w\000o\000r\000k\000f\000l\000o\000w}{appendix.A}% 34
\BOOKMARK [1][-]{section.A.2}{\376\377\000S\000u\000g\000g\000e\000s\000t\000e\000d\000\040\000r\000e\000p\000o\000s\000i\000t\000o\000r\000y\000\040\000s\000t\000r\000u\000c\000t\000u\000r\000e}{appendix.A}% 35
